<?xml version="1.0" encoding="UTF-8"?>
<!-- Generated by org.testng.reporters.JUnitXMLReporter -->
<testsuite ignored="0" hostname="LAPTOP-6OACLVLF" failures="3" tests="3" name="CucumberTest" time="15.483" errors="0" timestamp="2021-12-29T19:06:09 IST">
  <testcase classname="io.cucumber.testng.AbstractTestNGCucumberTests" name="runScenario" time="6.765">
    <failure type="io.cucumber.core.exception.CucumberException" message="Step [User insert valid &amp;quot;(.*)&amp;quot; and &amp;quot;(.*)&amp;quot;] is defined with 2 parameters at &amp;apos;com.Cucucmber_Test.LoginTest.user_insert_valid_and(java.lang.String,java.lang.String)&amp;apos;.
However, the gherkin step has 0 arguments.
Step text: User insert valid &amp;quot;testuser_1&amp;quot; and &amp;quot;Test@153&amp;quot;">
      <![CDATA[io.cucumber.core.exception.CucumberException: Step [User insert valid "(.*)" and "(.*)"] is defined with 2 parameters at 'com.Cucucmber_Test.LoginTest.user_insert_valid_and(java.lang.String,java.lang.String)'.
However, the gherkin step has 0 arguments.
Step text: User insert valid "testuser_1" and "Test@153"
at io.cucumber.core.runner.PickleStepDefinitionMatch.arityMismatch(PickleStepDefinitionMatch.java:83)
at io.cucumber.core.runner.PickleStepDefinitionMatch.runStep(PickleStepDefinitionMatch.java:42)
at io.cucumber.core.runner.ExecutionMode$1.execute(ExecutionMode.java:10)
at io.cucumber.core.runner.TestStep.executeStep(TestStep.java:92)
at io.cucumber.core.runner.TestStep.run(TestStep.java:64)
at io.cucumber.core.runner.PickleStepTestStep.run(PickleStepTestStep.java:51)
at io.cucumber.core.runner.TestCase.run(TestCase.java:104)
at io.cucumber.core.runner.Runner.runPickle(Runner.java:73)
at io.cucumber.testng.TestNGCucumberRunner.lambda$runScenario$1(TestNGCucumberRunner.java:134)
at io.cucumber.core.runtime.CucumberExecutionContext.runTestCase(CucumberExecutionContext.java:117)
at io.cucumber.testng.TestNGCucumberRunner.runScenario(TestNGCucumberRunner.java:131)
at io.cucumber.testng.AbstractTestNGCucumberTests.runScenario(AbstractTestNGCucumberTests.java:31)
at java.base/java.util.ArrayList.forEach(ArrayList.java:1511)
... Removed 27 stack frames]]>
    </failure>
  </testcase> <!-- runScenario -->
  <testcase classname="io.cucumber.testng.AbstractTestNGCucumberTests" name="runScenario" time="4.179">
    <failure type="io.cucumber.core.exception.CucumberException" message="Step [User insert valid &amp;quot;(.*)&amp;quot; and &amp;quot;(.*)&amp;quot;] is defined with 2 parameters at &amp;apos;com.Cucucmber_Test.LoginTest.user_insert_valid_and(java.lang.String,java.lang.String)&amp;apos;.
However, the gherkin step has 0 arguments.
Step text: User insert valid &amp;quot;testuser_2&amp;quot; and &amp;quot;Test@153&amp;quot;">
      <![CDATA[io.cucumber.core.exception.CucumberException: Step [User insert valid "(.*)" and "(.*)"] is defined with 2 parameters at 'com.Cucucmber_Test.LoginTest.user_insert_valid_and(java.lang.String,java.lang.String)'.
However, the gherkin step has 0 arguments.
Step text: User insert valid "testuser_2" and "Test@153"
at io.cucumber.core.runner.PickleStepDefinitionMatch.arityMismatch(PickleStepDefinitionMatch.java:83)
at io.cucumber.core.runner.PickleStepDefinitionMatch.runStep(PickleStepDefinitionMatch.java:42)
at io.cucumber.core.runner.ExecutionMode$1.execute(ExecutionMode.java:10)
at io.cucumber.core.runner.TestStep.executeStep(TestStep.java:92)
at io.cucumber.core.runner.TestStep.run(TestStep.java:64)
at io.cucumber.core.runner.PickleStepTestStep.run(PickleStepTestStep.java:51)
at io.cucumber.core.runner.TestCase.run(TestCase.java:104)
at io.cucumber.core.runner.Runner.runPickle(Runner.java:73)
at io.cucumber.testng.TestNGCucumberRunner.lambda$runScenario$1(TestNGCucumberRunner.java:134)
at io.cucumber.core.runtime.CucumberExecutionContext.runTestCase(CucumberExecutionContext.java:117)
at io.cucumber.testng.TestNGCucumberRunner.runScenario(TestNGCucumberRunner.java:131)
at io.cucumber.testng.AbstractTestNGCucumberTests.runScenario(AbstractTestNGCucumberTests.java:31)
at java.base/java.util.ArrayList.forEach(ArrayList.java:1511)
... Removed 27 stack frames]]>
    </failure>
  </testcase> <!-- runScenario -->
  <testcase classname="io.cucumber.testng.AbstractTestNGCucumberTests" name="runScenario" time="4.13">
    <failure type="io.cucumber.core.exception.CucumberException" message="Step [User insert valid &amp;quot;(.*)&amp;quot; and &amp;quot;(.*)&amp;quot;] is defined with 2 parameters at &amp;apos;com.Cucucmber_Test.LoginTest.user_insert_valid_and(java.lang.String,java.lang.String)&amp;apos;.
However, the gherkin step has 0 arguments.
Step text: User insert valid &amp;quot;qatrainer&amp;quot; and &amp;quot;admin123&amp;quot;">
      <![CDATA[io.cucumber.core.exception.CucumberException: Step [User insert valid "(.*)" and "(.*)"] is defined with 2 parameters at 'com.Cucucmber_Test.LoginTest.user_insert_valid_and(java.lang.String,java.lang.String)'.
However, the gherkin step has 0 arguments.
Step text: User insert valid "qatrainer" and "admin123"
at io.cucumber.core.runner.PickleStepDefinitionMatch.arityMismatch(PickleStepDefinitionMatch.java:83)
at io.cucumber.core.runner.PickleStepDefinitionMatch.runStep(PickleStepDefinitionMatch.java:42)
at io.cucumber.core.runner.ExecutionMode$1.execute(ExecutionMode.java:10)
at io.cucumber.core.runner.TestStep.executeStep(TestStep.java:92)
at io.cucumber.core.runner.TestStep.run(TestStep.java:64)
at io.cucumber.core.runner.PickleStepTestStep.run(PickleStepTestStep.java:51)
at io.cucumber.core.runner.TestCase.run(TestCase.java:104)
at io.cucumber.core.runner.Runner.runPickle(Runner.java:73)
at io.cucumber.testng.TestNGCucumberRunner.lambda$runScenario$1(TestNGCucumberRunner.java:134)
at io.cucumber.core.runtime.CucumberExecutionContext.runTestCase(CucumberExecutionContext.java:117)
at io.cucumber.testng.TestNGCucumberRunner.runScenario(TestNGCucumberRunner.java:131)
at io.cucumber.testng.AbstractTestNGCucumberTests.runScenario(AbstractTestNGCucumberTests.java:31)
at java.base/java.util.ArrayList.forEach(ArrayList.java:1511)
... Removed 27 stack frames]]>
    </failure>
  </testcase> <!-- runScenario -->
</testsuite> <!-- CucumberTest -->
