<?xml version="1.0" encoding="UTF-8"?>
<!-- Generated by org.testng.reporters.JUnitXMLReporter -->
<testsuite ignored="0" hostname="LAPTOP-6OACLVLF" failures="1" tests="1" name="Test" time="7.876" errors="0" timestamp="2022-01-19T06:39:27 IST">
  <testcase classname="io.cucumber.testng.AbstractTestNGCucumberTests" name="runScenario" time="7.356">
    <failure type="java.lang.AssertionError">
      <![CDATA[java.lang.AssertionError
at org.junit.Assert.fail(Assert.java:87)
at org.junit.Assert.assertTrue(Assert.java:42)
at org.junit.Assert.assertTrue(Assert.java:53)
at App_Elements.LoginApp_Elements.click_login(LoginApp_Elements.java:45)
at stepDefinitions.LoginTest.user_click_login_button(LoginTest.java:50)
at âœ½.User click login button(file:///D:/Selenium_Examples_New/com.Cucucmber_Examples/Features/LoginWindow.feature:9)
]]>
    </failure>
  </testcase> <!-- runScenario -->
</testsuite> <!-- Test -->
